[18:43:09] [Server thread/INFO]: Starting minecraft server version 1.8.8
[18:43:09] [Server thread/INFO]: Loading properties
[18:43:09] [Server thread/INFO]: Default game type: SURVIVAL
[18:43:10] [Server thread/INFO]: This server is running PandaSpigot version git-PandaSpigot-119 (MC: 1.8.8) (Implementing API version 1.8.8-R0.1-SNAPSHOT) (Git: 858ab0f)
[18:43:10] [Server thread/INFO]: Debug logging is disabled
[18:43:10] [Server thread/INFO]: Server Ping Player Sample Count: 12

[18:43:10] [Server thread/INFO]: Spigot Timings: true - Verbose: true - Interval: 5m - Length: 60m
[18:43:10] [Server thread/INFO]: Using 4 threads for Netty based IO
[18:43:10] [Server thread/INFO]: Data value allowed items: 
[18:43:10] [Server thread/INFO]: Generating keypair
[18:43:10] [Server thread/INFO]: Starting Minecraft server on *:25565
[18:43:10] [Server thread/INFO]: Using default channel type
[18:43:10] [Server thread/INFO]: Set PluginClassLoader as parallel capable
[18:43:10] [Server thread/INFO]: [ViaVersion] Loading ViaVersion v5.0.0
[18:43:10] [Server thread/INFO]: [ViaVersion] ViaVersion 5.0.0 is now loaded. Registering protocol transformers and injecting...
[18:43:11] [Via-Mappingloader-0/INFO]: [ViaVersion] Loading block connection mappings ...
[18:43:11] [Server thread/INFO]: [ViaBackwards] Loading translations...
[18:43:11] [Server thread/INFO]: [ViaBackwards] Registering protocols...
[18:43:12] [Server thread/INFO]: [ViaRewind] Registering protocols...
[18:43:12] [Server thread/INFO]: [ViaBackwards] Loading ViaBackwards v5.0.0
[18:43:12] [Server thread/INFO]: [ViaRewind] Loading ViaRewind v4.0.0
[18:43:12] [Server thread/INFO]: [ViaRewind-Legacy-Support] Loading ViaRewind-Legacy-Support v1.5.1
[18:43:12] [Server thread/INFO]: [BedWars] Loading BedWars v0.2.36.1
[18:43:12] [Server thread/INFO]: [ViaRewind] Enabling ViaRewind v4.0.0
[18:43:12] [Server thread/WARN]: **** SERVER IS RUNNING IN OFFLINE/INSECURE MODE!
[18:43:12] [Server thread/WARN]: The server will make no attempt to authenticate usernames. Beware.
[18:43:12] [Server thread/WARN]: Whilst this makes it possible to use BungeeCord, unless access to your server is properly restricted, it also opens up the ability for hackers to connect with any username they choose.
[18:43:12] [Server thread/WARN]: Please see http://www.spigotmc.org/wiki/firewall-guide/ for further information.
[18:43:12] [Server thread/WARN]: To change this, set "online-mode" to "true" in the server.properties file.
[18:43:12] [Server thread/INFO]: **** Beginning UUID conversion, this may take A LONG time ****
[18:43:12] [Server thread/INFO]: Preparing level "world"
[18:43:12] [Server thread/INFO]: -------- World Settings For [world] --------
[18:43:12] [Server thread/INFO]: Chunks to Grow per Tick: 650
[18:43:12] [Server thread/INFO]: Clear tick list: false
[18:43:12] [Server thread/INFO]: Experience Merge Radius: 3.0
[18:43:12] [Server thread/INFO]: Cactus Growth Modifier: 100%
[18:43:12] [Server thread/INFO]: Cane Growth Modifier: 100%
[18:43:12] [Server thread/INFO]: Melon Growth Modifier: 100%
[18:43:12] [Server thread/INFO]: Mushroom Growth Modifier: 100%
[18:43:12] [Server thread/INFO]: Pumpkin Growth Modifier: 100%
[18:43:12] [Server thread/INFO]: Sapling Growth Modifier: 100%
[18:43:12] [Server thread/INFO]: Wheat Growth Modifier: 100%
[18:43:12] [Server thread/INFO]: NetherWart Growth Modifier: 100%
[18:43:12] [Server thread/INFO]: Mob Spawn Range: 4
[18:43:12] [Server thread/INFO]: Anti X-Ray: true
[18:43:12] [Server thread/INFO]: 	Engine Mode: 1
[18:43:12] [Server thread/INFO]: 	Hidden Blocks: [14, 15, 16, 21, 48, 49, 54, 56, 73, 74, 82, 129, 130]
[18:43:12] [Server thread/INFO]: 	Replace Blocks: [1, 5]
[18:43:12] [Server thread/INFO]: Nerfing mobs spawned from spawners: false
[18:43:12] [Server thread/INFO]: Entity Activation Range: An 32 / Mo 32 / Mi 16
[18:43:12] [Server thread/INFO]: Entity Tracking Range: Pl 48 / An 48 / Mo 48 / Mi 32 / Other 64
[18:43:12] [Server thread/INFO]: Hopper Transfer: 8 Hopper Check: 8 Hopper Amount: 1
[18:43:12] [Server thread/INFO]: Random Lighting Updates: false
[18:43:12] [Server thread/INFO]: Structure Info Saving: true
[18:43:12] [Server thread/INFO]: Sending up to 10 chunks per packet
[18:43:12] [Server thread/INFO]: Max Entity Collisions: 8
[18:43:12] [Server thread/INFO]: Custom Map Seeds:  Village: 10387312 Feature: 14357617
[18:43:12] [Server thread/INFO]: Max TNT Explosions: 100
[18:43:12] [Server thread/INFO]: Tile Max Tick Time: 50ms Entity max Tick Time: 50ms
[18:43:12] [Server thread/INFO]: Item Despawn Rate: 6000
[18:43:12] [Server thread/INFO]: Item Merge Radius: 2.5
[18:43:12] [Server thread/INFO]: Arrow Despawn Rate: 1200
[18:43:12] [Server thread/INFO]: Allow Zombie Pigmen to spawn from portal blocks: true
[18:43:12] [Server thread/INFO]: View Distance: 10
[18:43:12] [Server thread/INFO]: Zombie Aggressive Towards Villager: true
[18:43:12] [Server thread/INFO]: -------- World Settings For [world] --------
[18:43:12] [Server thread/INFO]: Keep spawn chunk loaded: true
[18:43:12] [Server thread/INFO]: WorldServer TickNextTick cap set at 10000
[18:43:12] [Server thread/INFO]: WorldServer TickNextTickList cap always processes redstone: false
[18:43:12] [Server thread/INFO]: World async lighting: false
[18:43:12] [Server thread/INFO]: Max height for cactus growth 3. Max height for reed growth 3
[18:43:12] [Server thread/INFO]: Living Entity Despawn Ranges:  Soft: 32 Hard: 128
[18:43:12] [Server thread/INFO]: Player blocking damage multiplier set to 0.5
[18:43:12] [Server thread/INFO]: Remove invalid mob spawner tile entities: true
[18:43:12] [Server thread/INFO]: Squids will spawn between Y: 45.0 and Y: 63.0
[18:43:12] [Server thread/INFO]: Water over lava flow speed: 5
[18:43:12] [Server thread/INFO]: Fix TNT cannons: false
[18:43:12] [Server thread/INFO]: Allow undead horse types to be leashed: false
[18:43:12] [Server thread/INFO]: -------- World Settings For [world_nether] --------
[18:43:12] [Server thread/INFO]: Chunks to Grow per Tick: 650
[18:43:12] [Server thread/INFO]: Clear tick list: false
[18:43:12] [Server thread/INFO]: Experience Merge Radius: 3.0
[18:43:12] [Server thread/INFO]: Cactus Growth Modifier: 100%
[18:43:12] [Server thread/INFO]: Cane Growth Modifier: 100%
[18:43:12] [Server thread/INFO]: Melon Growth Modifier: 100%
[18:43:12] [Server thread/INFO]: Mushroom Growth Modifier: 100%
[18:43:12] [Server thread/INFO]: Pumpkin Growth Modifier: 100%
[18:43:12] [Server thread/INFO]: Sapling Growth Modifier: 100%
[18:43:12] [Server thread/INFO]: Wheat Growth Modifier: 100%
[18:43:12] [Server thread/INFO]: NetherWart Growth Modifier: 100%
[18:43:12] [Server thread/INFO]: Mob Spawn Range: 4
[18:43:12] [Server thread/INFO]: Anti X-Ray: true
[18:43:12] [Server thread/INFO]: 	Engine Mode: 1
[18:43:12] [Server thread/INFO]: 	Hidden Blocks: [14, 15, 16, 21, 48, 49, 54, 56, 73, 74, 82, 129, 130]
[18:43:12] [Server thread/INFO]: 	Replace Blocks: [1, 5]
[18:43:12] [Server thread/INFO]: Nerfing mobs spawned from spawners: false
[18:43:12] [Server thread/INFO]: Entity Activation Range: An 32 / Mo 32 / Mi 16
[18:43:12] [Server thread/INFO]: Entity Tracking Range: Pl 48 / An 48 / Mo 48 / Mi 32 / Other 64
[18:43:12] [Server thread/INFO]: Hopper Transfer: 8 Hopper Check: 8 Hopper Amount: 1
[18:43:12] [Server thread/INFO]: Random Lighting Updates: false
[18:43:12] [Server thread/INFO]: Structure Info Saving: true
[18:43:12] [Server thread/INFO]: Sending up to 10 chunks per packet
[18:43:12] [Server thread/INFO]: Max Entity Collisions: 8
[18:43:12] [Server thread/INFO]: Custom Map Seeds:  Village: 10387312 Feature: 14357617
[18:43:12] [Server thread/INFO]: Max TNT Explosions: 100
[18:43:12] [Server thread/INFO]: Tile Max Tick Time: 50ms Entity max Tick Time: 50ms
[18:43:12] [Server thread/INFO]: Item Despawn Rate: 6000
[18:43:12] [Server thread/INFO]: Item Merge Radius: 2.5
[18:43:12] [Server thread/INFO]: Arrow Despawn Rate: 1200
[18:43:12] [Server thread/INFO]: Allow Zombie Pigmen to spawn from portal blocks: true
[18:43:12] [Server thread/INFO]: View Distance: 10
[18:43:12] [Server thread/INFO]: Zombie Aggressive Towards Villager: true
[18:43:12] [Server thread/INFO]: -------- World Settings For [world_nether] --------
[18:43:12] [Server thread/INFO]: Keep spawn chunk loaded: true
[18:43:12] [Server thread/INFO]: WorldServer TickNextTick cap set at 10000
[18:43:12] [Server thread/INFO]: WorldServer TickNextTickList cap always processes redstone: false
[18:43:12] [Server thread/INFO]: World async lighting: false
[18:43:12] [Server thread/INFO]: Max height for cactus growth 3. Max height for reed growth 3
[18:43:12] [Server thread/INFO]: Living Entity Despawn Ranges:  Soft: 32 Hard: 128
[18:43:12] [Server thread/INFO]: Player blocking damage multiplier set to 0.5
[18:43:12] [Server thread/INFO]: Remove invalid mob spawner tile entities: true
[18:43:12] [Server thread/INFO]: Squids will spawn between Y: 45.0 and Y: 63.0
[18:43:12] [Server thread/INFO]: Water over lava flow speed: 5
[18:43:12] [Server thread/INFO]: Fix TNT cannons: false
[18:43:12] [Server thread/INFO]: Allow undead horse types to be leashed: false
[18:43:12] [Server thread/INFO]: -------- World Settings For [world_the_end] --------
[18:43:12] [Server thread/INFO]: Chunks to Grow per Tick: 650
[18:43:12] [Server thread/INFO]: Clear tick list: false
[18:43:12] [Server thread/INFO]: Experience Merge Radius: 3.0
[18:43:12] [Server thread/INFO]: Cactus Growth Modifier: 100%
[18:43:12] [Server thread/INFO]: Cane Growth Modifier: 100%
[18:43:12] [Server thread/INFO]: Melon Growth Modifier: 100%
[18:43:12] [Server thread/INFO]: Mushroom Growth Modifier: 100%
[18:43:12] [Server thread/INFO]: Pumpkin Growth Modifier: 100%
[18:43:12] [Server thread/INFO]: Sapling Growth Modifier: 100%
[18:43:12] [Server thread/INFO]: Wheat Growth Modifier: 100%
[18:43:12] [Server thread/INFO]: NetherWart Growth Modifier: 100%
[18:43:12] [Server thread/INFO]: Mob Spawn Range: 4
[18:43:12] [Server thread/INFO]: Anti X-Ray: true
[18:43:12] [Server thread/INFO]: 	Engine Mode: 1
[18:43:12] [Server thread/INFO]: 	Hidden Blocks: [14, 15, 16, 21, 48, 49, 54, 56, 73, 74, 82, 129, 130]
[18:43:12] [Server thread/INFO]: 	Replace Blocks: [1, 5]
[18:43:12] [Server thread/INFO]: Nerfing mobs spawned from spawners: false
[18:43:12] [Server thread/INFO]: Entity Activation Range: An 32 / Mo 32 / Mi 16
[18:43:12] [Server thread/INFO]: Entity Tracking Range: Pl 48 / An 48 / Mo 48 / Mi 32 / Other 64
[18:43:12] [Server thread/INFO]: Hopper Transfer: 8 Hopper Check: 8 Hopper Amount: 1
[18:43:12] [Server thread/INFO]: Random Lighting Updates: false
[18:43:12] [Server thread/INFO]: Structure Info Saving: true
[18:43:12] [Server thread/INFO]: Sending up to 10 chunks per packet
[18:43:12] [Server thread/INFO]: Max Entity Collisions: 8
[18:43:12] [Server thread/INFO]: Custom Map Seeds:  Village: 10387312 Feature: 14357617
[18:43:12] [Server thread/INFO]: Max TNT Explosions: 100
[18:43:12] [Server thread/INFO]: Tile Max Tick Time: 50ms Entity max Tick Time: 50ms
[18:43:12] [Server thread/INFO]: Item Despawn Rate: 6000
[18:43:12] [Server thread/INFO]: Item Merge Radius: 2.5
[18:43:12] [Server thread/INFO]: Arrow Despawn Rate: 1200
[18:43:12] [Server thread/INFO]: Allow Zombie Pigmen to spawn from portal blocks: true
[18:43:12] [Server thread/INFO]: View Distance: 10
[18:43:12] [Server thread/INFO]: Zombie Aggressive Towards Villager: true
[18:43:12] [Server thread/INFO]: -------- World Settings For [world_the_end] --------
[18:43:12] [Server thread/INFO]: Keep spawn chunk loaded: true
[18:43:12] [Server thread/INFO]: WorldServer TickNextTick cap set at 10000
[18:43:12] [Server thread/INFO]: WorldServer TickNextTickList cap always processes redstone: false
[18:43:12] [Server thread/INFO]: World async lighting: false
[18:43:12] [Server thread/INFO]: Max height for cactus growth 3. Max height for reed growth 3
[18:43:12] [Server thread/INFO]: Living Entity Despawn Ranges:  Soft: 32 Hard: 128
[18:43:12] [Server thread/INFO]: Player blocking damage multiplier set to 0.5
[18:43:12] [Server thread/INFO]: Remove invalid mob spawner tile entities: true
[18:43:12] [Server thread/INFO]: Squids will spawn between Y: 45.0 and Y: 63.0
[18:43:12] [Server thread/INFO]: Water over lava flow speed: 5
[18:43:12] [Server thread/INFO]: Fix TNT cannons: false
[18:43:12] [Server thread/INFO]: Allow undead horse types to be leashed: false
[18:43:12] [Server thread/INFO]: Preparing start region for level 0 (Seed: -2605830276478619730)
[18:43:13] [Server thread/INFO]: Preparing spawn area: 75%
[18:43:13] [Server thread/INFO]: Preparing start region for level 1 (Seed: -2605830276478619730)
[18:43:14] [Server thread/INFO]: Preparing start region for level 2 (Seed: -2605830276478619730)
[18:43:14] [Server thread/INFO]: [ViaVersion] Enabling ViaVersion v5.0.0
[18:43:14] [Server thread/INFO]: [ViaBackwards] Enabling ViaBackwards v5.0.0
[18:43:14] [Server thread/INFO]: [ViaRewind-Legacy-Support] Enabling ViaRewind-Legacy-Support v1.5.1
[18:43:14] [Server thread/INFO]: [BedWars] Enabling BedWars v0.2.36.1
[18:43:14] [Server thread/INFO]: [BedWars] Successfully loaded messages for BedWars! Language: English
[18:43:14] [Server thread/INFO]: [BedWars] Loading statistics from YAML-File ...
[18:43:14] [Server thread/INFO]: =====================  by ScreamingSandals <Misat11, Iamceph, Pronze>
[18:43:14] [Server thread/INFO]: + Screaming BedWars +  Version: 0.2.36.1 FREE
[18:43:14] [Server thread/INFO]: =====================  STABLE VERSION
[18:43:14] [Server thread/INFO]: [BW] You are using version 1.8! While this version is supported, it is a very old version and some features may not work as expected. Consider upgrading your server.
[18:43:14] [Server thread/INFO]: Everything is loaded! If you like our work, consider visiting our Patreon! <3
[18:43:14] [Server thread/INFO]: https://www.patreon.com/screamingsandals
[18:43:14] [Server thread/INFO]: Server permissions file permissions.yml is empty, ignoring it
[18:43:14] [Server thread/INFO]: Done (2.565s)! For help, type "help" or "?"
[18:43:14] [Server thread/INFO]: Timings Reset
[18:43:15] [Server thread/INFO]: [ViaVersion] ViaVersion detected server version: 1.8.x (47)
[18:43:15] [Server thread/WARN]: [ViaVersion] This version of Minecraft is extremely outdated and support for it has reached its end of life. You will still be able to run Via on this Minecraft version, but we are unlikely to provide any further fixes or help with problems specific to legacy Minecraft versions. Please consider updating to give your players a better experience and to avoid issues that have long been fixed.
[18:43:15] [Craft Scheduler Thread - 2/INFO]: [ViaVersion] Finished mapping loading, shutting down loader executor!
[18:43:16] [Server thread/WARN]: [ViaVersion] There is a newer plugin version available: 5.2.1, you're on: 5.0.0
